#
# There is insufficient memory for the Java Runtime Environment to continue.
# Native memory allocation (malloc) failed to allocate 480104 bytes for AllocateHeap
# Possible reasons:
#   The system is out of physical RAM or swap space
#   In 32 bit mode, the process size limit was hit
# Possible solutions:
#   Reduce memory load on the system
#   Increase physical memory or swap space
#   Check if swap backing store is full
#   Use 64 bit Java on a 64 bit OS
#   Decrease Java heap size (-Xmx/-Xms)
#   Decrease number of Java threads
#   Decrease Java thread stack sizes (-Xss)
#   Set larger code cache with -XX:ReservedCodeCacheSize=
# This output file may be truncated or incomplete.
#
#  Out of Memory Error (memory/allocation.inline.hpp:61), pid=61464, tid=0x000000000000d468
#
# JRE version:  (8.0_131-b11) (build )
# Java VM: Java HotSpot(TM) 64-Bit Server VM (25.131-b11 mixed mode windows-amd64 compressed oops)
# Failed to write core dump. Minidumps are not enabled by default on client versions of Windows
#

---------------  T H R E A D  ---------------

Current thread (0x0000000002ce7800):  JavaThread "Unknown thread" [_thread_in_vm, id=54376, stack(0x0000000002be0000,0x0000000002ce0000)]

Stack: [0x0000000002be0000,0x0000000002ce0000]
[error occurred during error reporting (printing stack bounds), id 0xc0000005]

Native frames: (J=compiled Java code, j=interpreted, Vv=VM code, C=native code)


---------------  P R O C E S S  ---------------

Java Threads: ( => current thread )

Other Threads:

=>0x0000000002ce7800 (exited) JavaThread "Unknown thread" [_thread_in_vm, id=54376, stack(0x0000000002be0000,0x0000000002ce0000)]

VM state:not at safepoint (not fully initialized)

VM Mutex/Monitor currently owned by a thread: None

GC Heap History (0 events):
No events

Deoptimization events (0 events):
No events

Internal exceptions (0 events):
No events

Events (0 events):
No events


Dynamic libraries:
0x00007ff72e020000 - 0x00007ff72e057000 	C:\Program Files\Java\jdk1.8.0_131\bin\java.exe
0x00007ffc65e20000 - 0x00007ffc66010000 	C:\WINDOWS\SYSTEM32\ntdll.dll
0x00007ffc65690000 - 0x00007ffc65742000 	C:\WINDOWS\System32\KERNEL32.DLL
0x00007ffc631f0000 - 0x00007ffc63493000 	C:\WINDOWS\System32\KERNELBASE.dll
0x00007ffc63f30000 - 0x00007ffc63fd3000 	C:\WINDOWS\System32\ADVAPI32.dll
0x00007ffc642a0000 - 0x00007ffc6433e000 	C:\WINDOWS\System32\msvcrt.dll
0x00007ffc65870000 - 0x00007ffc65907000 	C:\WINDOWS\System32\sechost.dll
0x00007ffc64830000 - 0x00007ffc64950000 	C:\WINDOWS\System32\RPCRT4.dll
0x00007ffc64950000 - 0x00007ffc64ae4000 	C:\WINDOWS\System32\USER32.dll
0x00007ffc63e70000 - 0x00007ffc63e91000 	C:\WINDOWS\System32\win32u.dll
0x00007ffc65750000 - 0x00007ffc65776000 	C:\WINDOWS\System32\GDI32.dll
0x00007ffc62fa0000 - 0x00007ffc63134000 	C:\WINDOWS\System32\gdi32full.dll
0x00007ffc62db0000 - 0x00007ffc62e4e000 	C:\WINDOWS\System32\msvcp_win.dll
0x00007ffc62e50000 - 0x00007ffc62f4a000 	C:\WINDOWS\System32\ucrtbase.dll
0x00007ffc54220000 - 0x00007ffc544a5000 	C:\WINDOWS\WinSxS\amd64_microsoft.windows.common-controls_6595b64144ccf1df_6.0.18362.535_none_e6c3b34713100821\COMCTL32.dll
0x00007ffc64340000 - 0x00007ffc64676000 	C:\WINDOWS\System32\combase.dll
0x00007ffc635f0000 - 0x00007ffc63670000 	C:\WINDOWS\System32\bcryptPrimitives.dll
0x00007ffc65790000 - 0x00007ffc657be000 	C:\WINDOWS\System32\IMM32.DLL
0x0000000067d90000 - 0x0000000067e62000 	C:\Program Files\Java\jdk1.8.0_131\jre\bin\msvcr100.dll
0x00000000674f0000 - 0x0000000067d8c000 	C:\Program Files\Java\jdk1.8.0_131\jre\bin\server\jvm.dll
0x00007ffc63fe0000 - 0x00007ffc63fe8000 	C:\WINDOWS\System32\PSAPI.DLL
0x00007ffc51340000 - 0x00007ffc51349000 	C:\WINDOWS\SYSTEM32\WSOCK32.dll
0x00007ffc60c60000 - 0x00007ffc60c84000 	C:\WINDOWS\SYSTEM32\WINMM.dll
0x00007ffc64e60000 - 0x00007ffc64ecf000 	C:\WINDOWS\System32\WS2_32.dll
0x00007ffc5baa0000 - 0x00007ffc5baaa000 	C:\WINDOWS\SYSTEM32\VERSION.dll
0x00007ffc608c0000 - 0x00007ffc608ed000 	C:\WINDOWS\SYSTEM32\WINMMBASE.dll
0x00007ffc62f50000 - 0x00007ffc62f9a000 	C:\WINDOWS\System32\cfgmgr32.dll
0x00000000674e0000 - 0x00000000674ef000 	C:\Program Files\Java\jdk1.8.0_131\jre\bin\verify.dll
0x00000000674b0000 - 0x00000000674d9000 	C:\Program Files\Java\jdk1.8.0_131\jre\bin\java.dll
0x00000000670f0000 - 0x0000000067113000 	C:\Program Files\Java\jdk1.8.0_131\jre\bin\instrument.dll
0x0000000067490000 - 0x00000000674a6000 	C:\Program Files\Java\jdk1.8.0_131\jre\bin\zip.dll

VM Arguments:
jvm_args: -XX:TieredStopAtLevel=1 -Xverify:none -Dspring.output.ansi.enabled=always -Dcom.sun.management.jmxremote -Dspring.jmx.enabled=true -Dspring.liveBeansView.mbeanDomain -Dspring.application.admin.enabled=true -javaagent:D:\IDEA\IntelliJ IDEA 2019.2.4\lib\idea_rt.jar=50738:D:\IDEA\IntelliJ IDEA 2019.2.4\bin -Dfile.encoding=UTF-8 
java_command: org.merso.mersoshop.MersoShopApplication
java_class_path (initial): C:\Program Files\Java\jdk1.8.0_131\jre\lib\charsets.jar;C:\Program Files\Java\jdk1.8.0_131\jre\lib\deploy.jar;C:\Program Files\Java\jdk1.8.0_131\jre\lib\ext\access-bridge-64.jar;C:\Program Files\Java\jdk1.8.0_131\jre\lib\ext\cldrdata.jar;C:\Program Files\Java\jdk1.8.0_131\jre\lib\ext\dnsns.jar;C:\Program Files\Java\jdk1.8.0_131\jre\lib\ext\jaccess.jar;C:\Program Files\Java\jdk1.8.0_131\jre\lib\ext\jfxrt.jar;C:\Program Files\Java\jdk1.8.0_131\jre\lib\ext\localedata.jar;C:\Program Files\Java\jdk1.8.0_131\jre\lib\ext\nashorn.jar;C:\Program Files\Java\jdk1.8.0_131\jre\lib\ext\sunec.jar;C:\Program Files\Java\jdk1.8.0_131\jre\lib\ext\sunjce_provider.jar;C:\Program Files\Java\jdk1.8.0_131\jre\lib\ext\sunmscapi.jar;C:\Program Files\Java\jdk1.8.0_131\jre\lib\ext\sunpkcs11.jar;C:\Program Files\Java\jdk1.8.0_131\jre\lib\ext\zipfs.jar;C:\Program Files\Java\jdk1.8.0_131\jre\lib\javaws.jar;C:\Program Files\Java\jdk1.8.0_131\jre\lib\jce.jar;C:\Program Files\Java\jdk1.8.0_131\jre\lib\jfr.jar;C:\Program Files\Java\jdk1.8.0_131\jre\lib\jfxswt.jar;C:\Program Files\Java\jdk1.8.0_131\jre\lib\jsse.jar;C:\Program Files\Java\jdk1.8.0_131\jre\lib\management-agent.jar;C:\Program Files\Java\jdk1.8.0_131\jre\lib\plugin.jar;C:\Program Files\Java\jdk1.8.0_131\jre\lib\resources.jar;C:\Program Files\Java\jdk1.8.0_131\jre\lib\rt.jar;D:\1-JT\merso-shop\target\classes;C:\Users\Administrator\.m2\repository\org\springframework\boot\spring-boot-starter-data-jpa\2.2.4.RELEASE\spring-boot-starter-data-jpa-2.2.4.RELEASE.jar;C:\Users\Administrator\.m2\repository\org\springframework\boot\spring-boot-starter-aop\2.2.4.RELEASE\spring-boot-starter-aop-2.2.4.RELEASE.jar;C:\Users\Administrator\.m2\repository\org\springframework\spring-aop\5.2.3.RELEASE\spring-aop-5.2.3.RELEASE.jar;C:\Users\Administrator\.m2\repository\org\aspectj\aspectjweaver\1.9.5\aspectjweaver-1.9.5.jar;C:\Users\Administrator\.m2\repository\jakarta\activation\jakarta.activation-api\1.2.1\jakarta.activation-api-1.2.
Launcher Type: SUN_STANDARD

Environment Variables:
JAVA_HOME=C:\Program Files\Java\jdk1.8.0_131
CLASSPATH=.;C:\Program Files\Java\jdk1.8.0_131\lib\dt.jar;C:\Program Files\Java\jdk1.8.0_131\lib\tools.jar
PATH=D:\Xshell\;D:\jekyll\Ruby25-x64\bin;C:\ProgramData\Oracle\Java\javapath;C:\Program Files\Java\jdk1.8.0_131\bin;C:\Program Files\Java\jdk1.8.0_131\jre\bin;C:\WINDOWS\system32;C:\WINDOWS;C:\WINDOWS\System32\Wbem;C:\WINDOWS\System32\WindowsPowerShell\v1.0\;C:\WINDOWS\System32\OpenSSH\;D:\nodejs\;D:\grandle\gradle-3.3\bin;E:\tts9\tts9\apache-tomcat-7.0.67\bin;C:\Program Files\Git\cmd;C:\ProgramData\chocolatey\bin;D:\nodejs\node_global;D:\python;C:\Users\Administrator\AppData\Local\Microsoft\WindowsApps;C:\Users\Administrator\AppData\Roaming\npm;D:\VsCode\Microsoft VS Code\bin;C:\Program Files\Bandizip\;C:\Users\Administrator\AppData\Local\GitHubDesktop\bin;%USERPROFILE%\AppData\Local\Microsoft\WindowsApps;
USERNAME=Administrator
OS=Windows_NT
PROCESSOR_IDENTIFIER=Intel64 Family 6 Model 94 Stepping 3, GenuineIntel



---------------  S Y S T E M  ---------------

OS: Windows 10.0 , 64 bit Build 18362 (10.0.18362.329)

CPU:total 4 (initial active 4) (4 cores per cpu, 1 threads per core) family 6 model 94 stepping 3, cmov, cx8, fxsr, mmx, sse, sse2, sse3, ssse3, sse4.1, sse4.2, popcnt, avx, avx2, aes, clmul, erms, rtm, 3dnowpref, lzcnt, tsc, tscinvbit, bmi1, bmi2, adx

Memory: 4k page, physical 12372972k(1907908k free), swap 20155716k(5224k free)

vm_info: Java HotSpot(TM) 64-Bit Server VM (25.131-b11) for windows-amd64 JRE (1.8.0_131-b11), built on Mar 15 2017 01:23:53 by "java_re" with MS VC++ 10.0 (VS2010)

time: Thu Feb 20 12:51:33 2020
elapsed time: 0 seconds (0d 0h 0m 0s)

